e:\application\application\application\x64\debug\qt\uic\ui_mainwindow.h
e:\application\application\application\x64\debug\qt\rcc\qrc_mainwindow.cpp
e:\application\application\application\x64\debug\qt\moc\moc_mainwindow.cpp
e:\application\application\application\x64\debug\qt\moc\main.moc
e:\application\application\application\x64\debug\vc143.pdb
e:\application\application\application\x64\debug\vc143.idb
e:\application\application\application\x64\debug\main.obj
e:\application\application\x64\debug\application.exe
e:\application\application\x64\debug\application.pdb
e:\application\application\application\x64\debug\application.ilk
e:\application\application\application\x64\debug\mainwindow.obj
e:\application\application\application\x64\debug\moc_mainwindow.obj
e:\application\application\application\x64\debug\qrc_mainwindow.obj
e:\application\application\application\x64\debug\application.tlog\application.write.1u.tlog
e:\application\application\application\x64\debug\application.tlog\cl.command.1.tlog
e:\application\application\application\x64\debug\application.tlog\cl.items.tlog
e:\application\application\application\x64\debug\application.tlog\cl.read.1.tlog
e:\application\application\application\x64\debug\application.tlog\cl.write.1.tlog
e:\application\application\application\x64\debug\application.tlog\link.command.1.tlog
e:\application\application\application\x64\debug\application.tlog\link.read.1.tlog
e:\application\application\application\x64\debug\application.tlog\link.secondary.1.tlog
e:\application\application\application\x64\debug\application.tlog\link.write.1.tlog
e:\application\application\application\x64\debug\application.tlog\moc.read.1u.tlog
e:\application\application\application\x64\debug\application.tlog\moc.write.1u.tlog
